<?xml version="1.0" encoding="UTF-8"?>
<!-- Generated by org.testng.reporters.JUnitReportReporter -->
<testsuite skipped="0" hostname="sys-PC" name="d.S" tests="3" failures="0" timestamp="22 Jul 2017 06:18:10 GMT" time="59.645" errors="0">
  <testcase name="testCase2" time="35.138" classname="d.S"/>
  <testcase name="testCase3" time="1.644" classname="d.S"/>
  <testcase name="testCase1" time="22.863" classname="d.S"/>
</testsuite> <!-- d.S -->
