<?xml version="1.0" encoding="UTF-8"?>
<!-- Generated by org.testng.reporters.JUnitReportReporter -->
<testsuite skipped="0" hostname="sys-PC" name="test.Test1" tests="3" failures="0" timestamp="21 Jul 2017 04:58:40 GMT" time="19.392" errors="0">
  <testcase name="testCase1" time="3.233" classname="test.Test1"/>
  <testcase name="testCase3" time="0.603" classname="test.Test1"/>
  <testcase name="testCase2" time="15.556" classname="test.Test1"/>
</testsuite> <!-- test.Test1 -->
