<?xml version="1.0" encoding="UTF-8"?>
<!-- Generated by org.testng.reporters.JUnitReportReporter -->
<testsuite skipped="0" hostname="myguru" name="Mavenclass.mexampletest" tests="2" failures="0" timestamp="06 Jul 2017 09:13:07 GMT" time="0.025" errors="0">
  <testcase name="testCase2" time="0.008" classname="Mavenclass.mexampletest"/>
  <testcase name="testCase1" time="0.017" classname="Mavenclass.mexampletest"/>
</testsuite> <!-- Mavenclass.mexampletest -->
